2025-08-15 23:28:43 INFO  Utils:112 - [TestNG] Running:
  C:\Manabi\Automation\OpencartV121\master.xml

2025-08-15 23:28:47 INFO  TC002_LoginTest:16 - ****** Startign TC_002_LoginTest *****
2025-08-15 23:28:50 INFO  TC002_LoginTest:31 - CLICKED ON LOG IN
2025-08-15 23:28:50 INFO  TC002_LoginTest:44 - ****** Finished TC_002_LoginTest *****
2025-08-15 23:30:47 INFO  Utils:112 - [TestNG] Running:
  C:\Manabi\Automation\OpencartV121\master.xml

2025-08-15 23:30:52 INFO  TC003_LoginDDT:26 - ***** stating TC_003_LoginDDT ******
2025-08-15 23:31:05 INFO  TC003_LoginDDT:26 - ***** stating TC_003_LoginDDT ******
2025-08-15 23:31:11 INFO  TC003_LoginDDT:79 - ***** Finished TC_003_LoginDDT ******
2025-08-15 23:31:11 INFO  TC003_LoginDDT:26 - ***** stating TC_003_LoginDDT ******
2025-08-15 23:31:17 INFO  TC003_LoginDDT:79 - ***** Finished TC_003_LoginDDT ******
2025-08-15 23:31:17 INFO  TC003_LoginDDT:26 - ***** stating TC_003_LoginDDT ******
2025-08-15 23:31:32 INFO  TC003_LoginDDT:79 - ***** Finished TC_003_LoginDDT ******
2025-08-15 23:31:32 INFO  TC003_LoginDDT:26 - ***** stating TC_003_LoginDDT ******
2025-08-15 23:31:38 INFO  TC003_LoginDDT:79 - ***** Finished TC_003_LoginDDT ******
2025-08-15 23:31:38 INFO  TC003_LoginDDT:26 - ***** stating TC_003_LoginDDT ******
2025-08-15 23:31:54 INFO  TC003_LoginDDT:79 - ***** Finished TC_003_LoginDDT ******
2025-08-15 23:35:48 INFO  Utils:112 - [TestNG] Running:
  C:\Manabi\Automation\OpencartV121\master.xml

2025-08-15 23:35:53 INFO  TC003_LoginDDT:26 - ***** stating TC_003_LoginDDT ******
2025-08-15 23:35:59 INFO  TC003_LoginDDT:79 - ***** Finished TC_003_LoginDDT ******
2025-08-15 23:35:59 INFO  TC003_LoginDDT:26 - ***** stating TC_003_LoginDDT ******
2025-08-15 23:36:05 INFO  TC003_LoginDDT:79 - ***** Finished TC_003_LoginDDT ******
2025-08-15 23:36:05 INFO  TC003_LoginDDT:26 - ***** stating TC_003_LoginDDT ******
2025-08-15 23:36:11 INFO  TC003_LoginDDT:79 - ***** Finished TC_003_LoginDDT ******
2025-08-15 23:36:11 INFO  TC003_LoginDDT:26 - ***** stating TC_003_LoginDDT ******
2025-08-15 23:36:26 INFO  TC003_LoginDDT:79 - ***** Finished TC_003_LoginDDT ******
2025-08-15 23:36:26 INFO  TC003_LoginDDT:26 - ***** stating TC_003_LoginDDT ******
2025-08-15 23:36:32 INFO  TC003_LoginDDT:79 - ***** Finished TC_003_LoginDDT ******
2025-08-15 23:36:32 INFO  TC003_LoginDDT:26 - ***** stating TC_003_LoginDDT ******
2025-08-15 23:36:47 INFO  TC003_LoginDDT:79 - ***** Finished TC_003_LoginDDT ******
2025-08-15 23:46:41 INFO  Utils:112 - [TestNG] Running:
  C:\Manabi\Automation\OpencartV121\master.xml

2025-08-15 23:46:46 INFO  TC003_LoginDDT:26 - ***** stating TC_003_LoginDDT ******
2025-08-15 23:46:52 INFO  TC003_LoginDDT:79 - ***** Finished TC_003_LoginDDT ******
2025-08-15 23:46:52 INFO  TC003_LoginDDT:26 - ***** stating TC_003_LoginDDT ******
2025-08-15 23:46:58 INFO  TC003_LoginDDT:79 - ***** Finished TC_003_LoginDDT ******
2025-08-15 23:46:58 INFO  TC003_LoginDDT:26 - ***** stating TC_003_LoginDDT ******
abcd
